<?xml version="1.0" encoding="UTF-8"?>
<testsuite name="ru.stqa.pft.addressbook.tests.ContactDeletionTest" tests="1" skipped="0" failures="0" errors="0" timestamp="2022-08-26T12:03:02" hostname="DESKTOP-RG5J9B4" time="0.433">
  <properties/>
  <testcase name="testContactDeletion" classname="ru.stqa.pft.addressbook.tests.ContactDeletionTest" time="0.433"/>
  <system-out><![CDATA[]]></system-out>
  <system-err><![CDATA[SLF4J: Failed to load class "org.slf4j.impl.StaticLoggerBinder".
SLF4J: Defaulting to no-operation (NOP) logger implementation
SLF4J: See http://www.slf4j.org/codes.html#StaticLoggerBinder for further details.
1661515376723	geckodriver	INFO	Listening on 127.0.0.1:49303
1661515377716	mozrunner::runner	INFO	Running command: "C:\\Program Files (x86)\\Mozilla Firefox\\firefox.exe" "--marionette" "--remote-debugging-port" "57636" "--remote-allow-hosts" "localhost" "--remote-allow-origins" "http://localhost:57636/" "-no-remote" "-profile" "C:\\Users\\Bosov\\AppData\\Local\\Temp\\rust_mozprofile7TgcbL"
1661515378464	Marionette	INFO	Marionette enabled
1661515378472	Marionette	INFO	Listening on port 55956
WebDriver BiDi listening on ws://localhost:57636
Read port: 55956
1661515378712	RemoteAgent	WARN	TLS certificate errors will be ignored for this session
console.warn: SearchSettings: "get: No settings file exists, new profile?" (new NotFoundError("Could not open the file at C:\\Users\\Bosov\\AppData\\Local\\Temp\\rust_mozprofile7TgcbL\\search.json.mozlz4", (void 0)))
DevTools listening on ws://localhost:57636/devtools/browser/042c721e-321b-4d84-8713-bbb454219549
Aug 26, 2022 3:03:00 PM org.openqa.selenium.remote.ProtocolHandshake createSession
INFO: Detected upstream dialect: W3C
console.warn: LoginRecipes: "getRecipes: falling back to a synchronous message for:" "http://localhost"
console.warn: LoginRecipes: "getRecipes: falling back to a synchronous message for:" "http://localhost"
JavaScript error: resource://gre/modules/LoginManagerParent.jsm, line 136: TypeError: gRecipeManager is null
console.warn: LoginRecipes: "getRecipes: falling back to a synchronous message for:" "http://localhost"
JavaScript error: resource://gre/modules/LoginManagerParent.jsm, line 136: TypeError: gRecipeManager is null
]]></system-err>
</testsuite>
