<?xml version="1.0" encoding="UTF-8"?>
<testsuite name="ru.stqa.pft.addressbook.GroupCreationTest" tests="1" skipped="0" failures="0" errors="0" timestamp="2022-08-19T10:17:59" hostname="DESKTOP-RG5J9B4" time="1.689">
  <properties/>
  <testcase name="testGroupCreation" classname="ru.stqa.pft.addressbook.GroupCreationTest" time="1.689"/>
  <system-out><![CDATA[]]></system-out>
  <system-err><![CDATA[SLF4J: Failed to load class "org.slf4j.impl.StaticLoggerBinder".
SLF4J: Defaulting to no-operation (NOP) logger implementation
SLF4J: See http://www.slf4j.org/codes.html#StaticLoggerBinder for further details.
1660904274000	geckodriver	INFO	Listening on 127.0.0.1:53705
1660904274882	mozrunner::runner	INFO	Running command: "C:\\Program Files (x86)\\Mozilla Firefox\\firefox.exe" "--marionette" "--remote-debugging-port" "58123" "--remote-allow-hosts" "localhost" "--remote-allow-origins" "http://localhost:58123/" "-no-remote" "-profile" "C:\\Users\\Bosov\\AppData\\Local\\Temp\\rust_mozprofilevl4eBe"
1660904275650	Marionette	INFO	Marionette enabled
1660904275659	Marionette	INFO	Listening on port 52501
Read port: 52501
WebDriver BiDi listening on ws://localhost:58123
1660904275939	RemoteAgent	WARN	TLS certificate errors will be ignored for this session
console.warn: SearchSettings: "get: No settings file exists, new profile?" (new NotFoundError("Could not open the file at C:\\Users\\Bosov\\AppData\\Local\\Temp\\rust_mozprofilevl4eBe\\search.json.mozlz4", (void 0)))
DevTools listening on ws://localhost:58123/devtools/browser/504ab597-5acd-43f0-94cf-b43403f46808
Aug 19, 2022 1:17:58 PM org.openqa.selenium.remote.ProtocolHandshake createSession
INFO: Detected upstream dialect: W3C
console.warn: LoginRecipes: "getRecipes: falling back to a synchronous message for:" "http://localhost"
console.warn: LoginRecipes: "getRecipes: falling back to a synchronous message for:" "http://localhost"
JavaScript error: resource://gre/modules/LoginManagerParent.jsm, line 136: TypeError: gRecipeManager is null
console.warn: LoginRecipes: "getRecipes: falling back to a synchronous message for:" "http://localhost"
JavaScript error: resource://gre/modules/LoginManagerParent.jsm, line 136: TypeError: gRecipeManager is null
console.warn: LoginRecipes: "getRecipes: falling back to a synchronous message for:" "http://localhost"
JavaScript error: resource://gre/modules/LoginManagerParent.jsm, line 136: TypeError: gRecipeManager is null
console.warn: LoginRecipes: "getRecipes: falling back to a synchronous message for:" "http://localhost"
JavaScript error: resource://gre/modules/LoginManagerParent.jsm, line 136: TypeError: gRecipeManager is null
console.warn: LoginRecipes: "getRecipes: falling back to a synchronous message for:" "http://localhost"
JavaScript error: resource://gre/modules/LoginManagerParent.jsm, line 136: TypeError: gRecipeManager is null
console.warn: LoginRecipes: "getRecipes: falling back to a synchronous message for:" "http://localhost"
JavaScript error: resource://gre/modules/LoginManagerParent.jsm, line 136: TypeError: gRecipeManager is null
]]></system-err>
</testsuite>
